drylining/build/outputs/logs/manifest-merger-release-report.txt
-- Merging decision tree log ---
manifest
ADDED from src\main\AndroidManifest.xml:2:1-215:12
INJECTED from src\main\AndroidManifest.xml:2:1-215:12
INJECTED from src\main\AndroidManifest.xml:2:1-215:12
INJECTED from src\main\AndroidManifest.xml:2:1-215:12
MERGED from [com.android.support:design:27.1.1] AndroidManifest.xml:17:1-22:12
MERGED from [com.github.adhishlal:gifloader:1.1] AndroidManifest.xml:2:1-17:12
MERGED from [com.crystal:crystalrangeseekbar:1.1.1] AndroidManifest.xml:2:1-17:12
MERGED from [jp.wasabeef:recyclerview-animators:2.2.6] AndroidManifest.xml:2:1-12:12
MERGED from [com.github.johnkil.android-robototextview:robototextview:4.0.0] AndroidManifest.xml:2:1-10:12
MERGED from [com.github.alahammad:android-OTP-View:1.0.2] AndroidManifest.xml:2:1-11:12
MERGED from [com.mukesh:otpview:1.0.1] AndroidManifest.xml:2:1-12:12
MERGED from [com.android.support:appcompat-v7:27.1.1] AndroidManifest.xml:17:1-22:12
MERGED from [com.android.support:cardview-v7:27.1.1] AndroidManifest.xml:17:1-22:12
MERGED from [com.quickblox:quickblox-android-sdk-messages:3.8.1] AndroidManifest.xml:2:1-26:12
MERGED from [com.quickblox:chat-message-adapter:2.0] AndroidManifest.xml:2:1-18:12
MERGED from [com.google.android.gms:play-services-gcm:11.8.0] AndroidManifest.xml:17:1-28:12
MERGED from [com.google.firebase:firebase-core:11.8.0] AndroidManifest.xml:2:1-6:12
MERGED from [com.google.firebase:firebase-analytics:11.8.0] AndroidManifest.xml:17:1-54:12
MERGED from [com.google.android.gms:play-services-iid:11.8.0] AndroidManifest.xml:17:1-28:12
MERGED from [com.google.firebase:firebase-analytics-impl:11.8.0] AndroidManifest.xml:17:1-40:12
MERGED from [com.google.firebase:firebase-messaging:17.3.4] AndroidManifest.xml:17:1-37:12
MERGED from [com.google.firebase:firebase-measurement-connector:17.0.1] AndroidManifest.xml:17:1-25:12
MERGED from [com.google.firebase:firebase-iid:17.0.4] AndroidManifest.xml:17:1-59:12
MERGED from [com.google.firebase:firebase-common:16.0.3] AndroidManifest.xml:2:1-17:12
MERGED from [com.google.firebase:firebase-iid-interop:16.0.1] AndroidManifest.xml:2:1-10:12
MERGED from [com.google.android.gms:play-services-base:16.0.1] AndroidManifest.xml:17:1-29:12
MERGED from [com.google.android.gms:play-services-tasks:16.0.1] AndroidManifest.xml:2:1-9:12
MERGED from [com.google.android.gms:play-services-stats:16.0.1] AndroidManifest.xml:2:1-9:12
MERGED from [com.google.android.gms:play-services-basement:16.0.1] AndroidManifest.xml:17:1-28:12
MERGED from [com.android.support:support-v4:27.1.1] AndroidManifest.xml:17:1-22:12
MERGED from [com.squareup.picasso:picasso:2.71828] AndroidManifest.xml:2:1-14:12
MERGED from [com.android.support:recyclerview-v7:27.1.1] AndroidManifest.xml:17:1-22:12
MERGED from [com.android.support.constraint:constraint-layout:1.1.0] AndroidManifest.xml:2:1-11:12
MERGED from [com.quickblox:quickblox-android-sdk-chat:3.8.1] AndroidManifest.xml:2:1-14:12
MERGED from [com.quickblox:quickblox-android-sdk-content:3.8.1] AndroidManifest.xml:2:1-12:12
MERGED from [com.timehop.stickyheadersrecyclerview:library:0.4.2] AndroidManifest.xml:2:1-14:12
MERGED from [com.github.orangegangsters:swipy:1.2.3] AndroidManifest.xml:2:1-14:12
MERGED from [com.quickblox:quickblox-android-sdk-core:3.8.1] AndroidManifest.xml:2:1-10:12
MERGED from [com.android.support:transition:27.1.1] AndroidManifest.xml:17:1-22:12
MERGED from [com.android.support:support-fragment:27.1.1] AndroidManifest.xml:17:1-22:12
MERGED from [com.android.support:animated-vector-drawable:27.1.1] AndroidManifest.xml:17:1-22:12
MERGED from [com.android.support:support-vector-drawable:27.1.1] AndroidManifest.xml:17:1-22:12
MERGED from [com.android.support:support-core-ui:27.1.1] AndroidManifest.xml:17:1-22:12
MERGED from [com.android.support:support-media-compat:27.1.1] AndroidManifest.xml:17:1-22:12
MERGED from [com.google.android.exoplayer:exoplayer:r2.5.1] AndroidManifest.xml:17:1-25:12
MERGED from [com.google.android.exoplayer:exoplayer-dash:r2.5.1] AndroidManifest.xml:17:1-25:12
MERGED from [com.android.support:support-core-utils:27.1.1] AndroidManifest.xml:17:1-22:12
MERGED from [com.android.support:support-compat:27.1.1] AndroidManifest.xml:17:1-22:12
MERGED from [com.android.support:exifinterface:27.1.0] AndroidManifest.xml:17:1-22:12
MERGED from [com.google.android.exoplayer:exoplayer-hls:r2.5.1] AndroidManifest.xml:17:1-25:12
MERGED from [com.google.android.exoplayer:exoplayer-smoothstreaming:r2.5.1] AndroidManifest.xml:17:1-25:12
MERGED from [com.google.android.exoplayer:exoplayer-ui:r2.5.1] AndroidManifest.xml:17:1-25:12
MERGED from [com.google.android.exoplayer:exoplayer-core:r2.5.1] AndroidManifest.xml:17:1-25:12
MERGED from [de.hdodenhof:circleimageview:2.1.0] AndroidManifest.xml:2:1-11:12
MERGED from [android.arch.lifecycle:runtime:1.1.0] AndroidManifest.xml:17:1-22:12
MERGED from [com.google.android.gms:play-services-gcm-license:11.8.0] AndroidManifest.xml:2:1-6:12
MERGED from [android.arch.lifecycle:livedata-core:1.1.0] AndroidManifest.xml:17:1-22:12
MERGED from [android.arch.core:runtime:1.1.0] AndroidManifest.xml:17:1-22:12
MERGED from [com.google.firebase:firebase-analytics-license:11.8.0] AndroidManifest.xml:2:1-6:12
MERGED from [com.google.android.gms:play-services-iid-license:11.8.0] AndroidManifest.xml:2:1-6:12
MERGED from [com.google.firebase:firebase-analytics-impl-license:11.8.0] AndroidManifest.xml:2:1-6:12
MERGED from [android.arch.lifecycle:viewmodel:1.1.0] AndroidManifest.xml:17:1-22:12
INJECTED from src\main\AndroidManifest.xml:2:1-215:12
INJECTED from src\main\AndroidManifest.xml:2:1-215:12
INJECTED from src\main\AndroidManifest.xml:2:1-215:12
	package
		ADDED from src\main\AndroidManifest.xml:3:5-32
		INJECTED from src\main\AndroidManifest.xml
		INJECTED from src\main\AndroidManifest.xml
	android:versionName
		INJECTED from src\main\AndroidManifest.xml
		ADDED from src\main\AndroidManifest.xml:2:1-215:12
		INJECTED from src\main\AndroidManifest.xml
	android:versionCode
		INJECTED from src\main\AndroidManifest.xml
		ADDED from src\main\AndroidManifest.xml:2:1-215:12
		INJECTED from src\main\AndroidManifest.xml
	xmlns:android
		ADDED from src\main\AndroidManifest.xml:2:11-69
uses-permission#android.permission.INTERNET
ADDED from src\main\AndroidManifest.xml:5:5-67
MERGED from [com.google.android.gms:play-services-gcm:11.8.0] AndroidManifest.xml:24:5-67
MERGED from [com.google.android.gms:play-services-gcm:11.8.0] AndroidManifest.xml:24:5-67
MERGED from [com.google.firebase:firebase-analytics:11.8.0] AndroidManifest.xml:23:5-67
MERGED from [com.google.firebase:firebase-analytics:11.8.0] AndroidManifest.xml:23:5-67
MERGED from [com.google.android.gms:play-services-iid:11.8.0] AndroidManifest.xml:24:5-67
MERGED from [com.google.android.gms:play-services-iid:11.8.0] AndroidManifest.xml:24:5-67
MERGED from [com.google.firebase:firebase-analytics-impl:11.8.0] AndroidManifest.xml:23:5-67
MERGED from [com.google.firebase:firebase-analytics-impl:11.8.0] AndroidManifest.xml:23:5-67
MERGED from [com.google.firebase:firebase-iid:17.0.4] AndroidManifest.xml:23:5-67
MERGED from [com.google.firebase:firebase-iid:17.0.4] AndroidManifest.xml:23:5-67
MERGED from [com.quickblox:quickblox-android-sdk-chat:3.8.1] AndroidManifest.xml:11:5-67
MERGED from [com.quickblox:quickblox-android-sdk-chat:3.8.1] AndroidManifest.xml:11:5-67
MERGED from [com.quickblox:quickblox-android-sdk-content:3.8.1] AndroidManifest.xml:10:5-67
MERGED from [com.quickblox:quickblox-android-sdk-content:3.8.1] AndroidManifest.xml:10:5-67
	android:name
		ADDED from src\main\AndroidManifest.xml:5:22-64
uses-permission#android.permission.WAKE_LOCK
ADDED from src\main\AndroidManifest.xml:6:5-68
MERGED from [com.google.firebase:firebase-analytics:11.8.0] AndroidManifest.xml:25:5-68
MERGED from [com.google.firebase:firebase-analytics:11.8.0] AndroidManifest.xml:25:5-68
MERGED from [com.google.firebase:firebase-analytics-impl:11.8.0] AndroidManifest.xml:25:5-68
MERGED from [com.google.firebase:firebase-analytics-impl:11.8.0] AndroidManifest.xml:25:5-68
MERGED from [com.google.firebase:firebase-iid:17.0.4] AndroidManifest.xml:24:5-68
MERGED from [com.google.firebase:firebase-iid:17.0.4] AndroidManifest.xml:24:5-68
	android:name
		ADDED from src\main\AndroidManifest.xml:6:22-65
uses-permission#android.permission.ACCESS_COARSE_LOCATION
ADDED from src\main\AndroidManifest.xml:7:5-81
	android:name
		ADDED from src\main\AndroidManifest.xml:7:22-78
uses-permission#android.permission.ACCESS_FINE_LOCATION
ADDED from src\main\AndroidManifest.xml:8:5-79
	android:name
		ADDED from src\main\AndroidManifest.xml:8:22-76
uses-permission#android.permission.WRITE_EXTERNAL_STORAGE
ADDED from src\main\AndroidManifest.xml:9:5-81
	android:name
		ADDED from src\main\AndroidManifest.xml:9:22-78
uses-permission#android.permission.READ_EXTERNAL_STORAGE
ADDED from src\main\AndroidManifest.xml:10:5-80
	android:name
		ADDED from src\main\AndroidManifest.xml:10:22-77
uses-permission#android.permission.SEND_SMS
ADDED from src\main\AndroidManifest.xml:11:5-67
	android:name
		ADDED from src\main\AndroidManifest.xml:11:22-64
uses-permission#android.permission.READ_PHONE_STATE
ADDED from src\main\AndroidManifest.xml:12:5-75
	android:name
		ADDED from src\main\AndroidManifest.xml:12:22-72
uses-permission#android.permission.RECEIVE_SMS
ADDED from src\main\AndroidManifest.xml:13:5-70
	android:name
		ADDED from src\main\AndroidManifest.xml:13:22-67
uses-permission#android.permission.CALL_PHONE
ADDED from src\main\AndroidManifest.xml:14:5-69
	android:name
		ADDED from src\main\AndroidManifest.xml:14:22-66
uses-permission#android.permission.CAMERA
ADDED from src\main\AndroidManifest.xml:15:5-65
	android:name
		ADDED from src\main\AndroidManifest.xml:15:22-62
uses-permission#android.permission.ACCESS_NETWORK_STATE
ADDED from src\main\AndroidManifest.xml:16:5-18:36
MERGED from [com.google.firebase:firebase-analytics:11.8.0] AndroidManifest.xml:24:5-79
MERGED from [com.google.firebase:firebase-analytics:11.8.0] AndroidManifest.xml:24:5-79
MERGED from [com.google.firebase:firebase-analytics-impl:11.8.0] AndroidManifest.xml:24:5-79
MERGED from [com.google.firebase:firebase-analytics-impl:11.8.0] AndroidManifest.xml:24:5-79
MERGED from [com.google.firebase:firebase-iid:17.0.4] AndroidManifest.xml:22:5-79
MERGED from [com.google.firebase:firebase-iid:17.0.4] AndroidManifest.xml:22:5-79
MERGED from [com.quickblox:quickblox-android-sdk-chat:3.8.1] AndroidManifest.xml:12:5-79
MERGED from [com.quickblox:quickblox-android-sdk-chat:3.8.1] AndroidManifest.xml:12:5-79
	android:required
		ADDED from src\main\AndroidManifest.xml:18:9-33
	android:name
		ADDED from src\main\AndroidManifest.xml:17:9-63
uses-permission#android.permission.VIBRATE
ADDED from src\main\AndroidManifest.xml:19:5-21:36
	android:required
		ADDED from src\main\AndroidManifest.xml:21:9-33
	android:name
		ADDED from src\main\AndroidManifest.xml:20:9-50
application
ADDED from src\main\AndroidManifest.xml:23:5-213:19
MERGED from [com.github.adhishlal:gifloader:1.1] AndroidManifest.xml:11:5-15:19
MERGED from [com.github.adhishlal:gifloader:1.1] AndroidManifest.xml:11:5-15:19
MERGED from [com.crystal:crystalrangeseekbar:1.1.1] AndroidManifest.xml:11:5-15:19
MERGED from [com.crystal:crystalrangeseekbar:1.1.1] AndroidManifest.xml:11:5-15:19
MERGED from [com.github.johnkil.android-robototextview:robototextview:4.0.0] AndroidManifest.xml:8:5-20
MERGED from [com.github.johnkil.android-robototextview:robototextview:4.0.0] AndroidManifest.xml:8:5-20
MERGED from [com.quickblox:quickblox-android-sdk-messages:3.8.1] AndroidManifest.xml:10:5-24:19
MERGED from [com.quickblox:quickblox-android-sdk-messages:3.8.1] AndroidManifest.xml:10:5-24:19
MERGED from [com.quickblox:chat-message-adapter:2.0] AndroidManifest.xml:9:5-16:19
MERGED from [com.quickblox:chat-message-adapter:2.0] AndroidManifest.xml:9:5-16:19
MERGED from [com.google.android.gms:play-services-gcm:11.8.0] AndroidManifest.xml:26:5-20
MERGED from [com.google.android.gms:play-services-gcm:11.8.0] AndroidManifest.xml:26:5-20
MERGED from [com.google.firebase:firebase-core:11.8.0] AndroidManifest.xml:5:5-20
MERGED from [com.google.firebase:firebase-core:11.8.0] AndroidManifest.xml:5:5-20
MERGED from [com.google.firebase:firebase-analytics:11.8.0] AndroidManifest.xml:27:5-52:19
MERGED from [com.google.firebase:firebase-analytics:11.8.0] AndroidManifest.xml:27:5-52:19
MERGED from [com.google.android.gms:play-services-iid:11.8.0] AndroidManifest.xml:26:5-20
MERGED from [com.google.android.gms:play-services-iid:11.8.0] AndroidManifest.xml:26:5-20
MERGED from [com.google.firebase:firebase-analytics-impl:11.8.0] AndroidManifest.xml:27:5-38:19
MERGED from [com.google.firebase:firebase-analytics-impl:11.8.0] AndroidManifest.xml:27:5-38:19
MERGED from [com.google.firebase:firebase-messaging:17.3.4] AndroidManifest.xml:22:5-35:19
MERGED from [com.google.firebase:firebase-messaging:17.3.4] AndroidManifest.xml:22:5-35:19
MERGED from [com.google.firebase:firebase-measurement-connector:17.0.1] AndroidManifest.xml:22:5-23:19
MERGED from [com.google.firebase:firebase-measurement-connector:17.0.1] AndroidManifest.xml:22:5-23:19
MERGED from [com.google.firebase:firebase-iid:17.0.4] AndroidManifest.xml:28:5-57:19
MERGED from [com.google.firebase:firebase-iid:17.0.4] AndroidManifest.xml:28:5-57:19
MERGED from [com.google.firebase:firebase-common:16.0.3] AndroidManifest.xml:9:5-15:19
MERGED from [com.google.firebase:firebase-common:16.0.3] AndroidManifest.xml:9:5-15:19
MERGED from [com.google.firebase:firebase-iid-interop:16.0.1] AndroidManifest.xml:7:5-8:19
MERGED from [com.google.firebase:firebase-iid-interop:16.0.1] AndroidManifest.xml:7:5-8:19
MERGED from [com.google.android.gms:play-services-base:16.0.1] AndroidManifest.xml:22:5-27:19
MERGED from [com.google.android.gms:play-services-base:16.0.1] AndroidManifest.xml:22:5-27:19
MERGED from [com.google.android.gms:play-services-tasks:16.0.1] AndroidManifest.xml:7:5-20
MERGED from [com.google.android.gms:play-services-tasks:16.0.1] AndroidManifest.xml:7:5-20
MERGED from [com.google.android.gms:play-services-stats:16.0.1] AndroidManifest.xml:7:5-20
MERGED from [com.google.android.gms:play-services-stats:16.0.1] AndroidManifest.xml:7:5-20
MERGED from [com.google.android.gms:play-services-basement:16.0.1] AndroidManifest.xml:22:5-26:19
MERGED from [com.google.android.gms:play-services-basement:16.0.1] AndroidManifest.xml:22:5-26:19
MERGED from [com.squareup.picasso:picasso:2.71828] AndroidManifest.xml:7:5-12:19
MERGED from [com.squareup.picasso:picasso:2.71828] AndroidManifest.xml:7:5-12:19
MERGED from [com.android.support.constraint:constraint-layout:1.1.0] AndroidManifest.xml:9:5-20
MERGED from [com.android.support.constraint:constraint-layout:1.1.0] AndroidManifest.xml:9:5-20
MERGED from [com.timehop.stickyheadersrecyclerview:library:0.4.2] AndroidManifest.xml:12:5-20
MERGED from [com.timehop.stickyheadersrecyclerview:library:0.4.2] AndroidManifest.xml:12:5-20
MERGED from [com.github.orangegangsters:swipy:1.2.3] AndroidManifest.xml:11:5-12:19
MERGED from [com.github.orangegangsters:swipy:1.2.3] AndroidManifest.xml:11:5-12:19
MERGED from [de.hdodenhof:circleimageview:2.1.0] AndroidManifest.xml:9:5-20
MERGED from [de.hdodenhof:circleimageview:2.1.0] AndroidManifest.xml:9:5-20
MERGED from [com.google.android.gms:play-services-gcm-license:11.8.0] AndroidManifest.xml:5:5-20
MERGED from [com.google.android.gms:play-services-gcm-license:11.8.0] AndroidManifest.xml:5:5-20
MERGED from [com.google.firebase:firebase-analytics-license:11.8.0] AndroidManifest.xml:5:5-20
MERGED from [com.google.firebase:firebase-analytics-license:11.8.0] AndroidManifest.xml:5:5-20
MERGED from [com.google.android.gms:play-services-iid-license:11.8.0] AndroidManifest.xml:5:5-20
MERGED from [com.google.android.gms:play-services-iid-license:11.8.0] AndroidManifest.xml:5:5-20
MERGED from [com.google.firebase:firebase-analytics-impl-license:11.8.0] AndroidManifest.xml:5:5-20
MERGED from [com.google.firebase:firebase-analytics-impl-license:11.8.0] AndroidManifest.xml:5:5-20
	android:supportsRtl
		ADDED from [com.github.adhishlal:gifloader:1.1] AndroidManifest.xml:14:9-35
	android:label
		ADDED from src\main\AndroidManifest.xml:27:9-41
	android:largeHeap
		ADDED from src\main\AndroidManifest.xml:28:9-33
	android:icon
		ADDED from src\main\AndroidManifest.xml:26:9-43
	android:allowBackup
		ADDED from src\main\AndroidManifest.xml:25:9-35
	android:theme
		ADDED from src\main\AndroidManifest.xml:29:9-40
	android:name
		ADDED from src\main\AndroidManifest.xml:24:9-34
activity#com.app.drylining.SplashActivity
ADDED from src\main\AndroidManifest.xml:30:9-38:20
	android:screenOrientation
		ADDED from src\main\AndroidManifest.xml:32:13-49
	android:name
		ADDED from src\main\AndroidManifest.xml:31:13-43
intent-filter#action:name:android.intent.action.MAIN+category:name:android.intent.category.LAUNCHER
ADDED from src\main\AndroidManifest.xml:33:13-37:29
action#android.intent.action.MAIN
ADDED from src\main\AndroidManifest.xml:34:17-69
	android:name
		ADDED from src\main\AndroidManifest.xml:34:25-66
category#android.intent.category.LAUNCHER
ADDED from src\main\AndroidManifest.xml:36:17-77
	android:name
		ADDED from src\main\AndroidManifest.xml:36:27-74
activity#com.app.drylining.ui.MainActivity
ADDED from src\main\AndroidManifest.xml:39:9-42:57
	android:screenOrientation
		ADDED from src\main\AndroidManifest.xml:41:13-49
	android:windowSoftInputMode
		ADDED from src\main\AndroidManifest.xml:42:13-54
	android:name
		ADDED from src\main\AndroidManifest.xml:40:13-44
activity#com.app.drylining.custom.CustomWebView
ADDED from src\main\AndroidManifest.xml:43:9-45:52
	android:screenOrientation
		ADDED from src\main\AndroidManifest.xml:45:13-49
	android:name
		ADDED from src\main\AndroidManifest.xml:44:13-49
activity#com.app.drylining.ui.ForgotPasswordActivity
ADDED from src\main\AndroidManifest.xml:46:9-49:57
	android:screenOrientation
		ADDED from src\main\AndroidManifest.xml:48:13-49
	android:windowSoftInputMode
		ADDED from src\main\AndroidManifest.xml:49:13-54
	android:name
		ADDED from src\main\AndroidManifest.xml:47:13-54
activity#com.app.drylining.ui.ChangePasswordActivity
ADDED from src\main\AndroidManifest.xml:50:9-53:57
	android:screenOrientation
		ADDED from src\main\AndroidManifest.xml:52:13-49
	android:windowSoftInputMode
		ADDED from src\main\AndroidManifest.xml:53:13-54
	android:name
		ADDED from src\main\AndroidManifest.xml:51:13-54
activity#com.app.drylining.ui.SearchedOffersActivity
ADDED from src\main\AndroidManifest.xml:54:9-56:52
	android:screenOrientation
		ADDED from src\main\AndroidManifest.xml:56:13-49
	android:name
		ADDED from src\main\AndroidManifest.xml:55:13-54
activity#com.app.drylining.ui.SearchedResultActivity
ADDED from src\main\AndroidManifest.xml:57:9-59:52
	android:screenOrientation
		ADDED from src\main\AndroidManifest.xml:59:13-49
	android:name
		ADDED from src\main\AndroidManifest.xml:58:13-54
activity#com.app.drylining.ui.AddedOffersActivity
ADDED from src\main\AndroidManifest.xml:60:9-63:57
	android:screenOrientation
		ADDED from src\main\AndroidManifest.xml:62:13-49
	android:windowSoftInputMode
		ADDED from src\main\AndroidManifest.xml:63:13-54
	android:name
		ADDED from src\main\AndroidManifest.xml:61:13-51
activity#com.app.drylining.ui.SearchedOfferDetailActivity
ADDED from src\main\AndroidManifest.xml:64:9-66:52
	android:screenOrientation
		ADDED from src\main\AndroidManifest.xml:66:13-49
	android:name
		ADDED from src\main\AndroidManifest.xml:65:13-59
activity#com.app.drylining.ui.AddedOfferDetailActivity
ADDED from src\main\AndroidManifest.xml:67:9-69:52
	android:screenOrientation
		ADDED from src\main\AndroidManifest.xml:69:13-49
	android:name
		ADDED from src\main\AndroidManifest.xml:68:13-56
activity#com.app.drylining.ui.MapActivity
ADDED from src\main\AndroidManifest.xml:70:9-72:52
	android:screenOrientation
		ADDED from src\main\AndroidManifest.xml:72:13-49
	android:name
		ADDED from src\main\AndroidManifest.xml:71:13-43
activity#com.app.drylining.ui.AddNewOfferActivity
ADDED from src\main\AndroidManifest.xml:73:9-76:57
	android:screenOrientation
		ADDED from src\main\AndroidManifest.xml:75:13-49
	android:windowSoftInputMode
		ADDED from src\main\AndroidManifest.xml:76:13-54
	android:name
		ADDED from src\main\AndroidManifest.xml:74:13-51
activity#com.app.drylining.ui.SearchNewOfferActivity
ADDED from src\main\AndroidManifest.xml:77:9-79:52
	android:screenOrientation
		ADDED from src\main\AndroidManifest.xml:79:13-49
	android:name
		ADDED from src\main\AndroidManifest.xml:78:13-54
activity#com.app.drylining.ui.OtpVerificationActivity
ADDED from src\main\AndroidManifest.xml:80:9-84:47
	android:screenOrientation
		ADDED from src\main\AndroidManifest.xml:83:13-49
	android:label
		ADDED from src\main\AndroidManifest.xml:82:13-68
	android:theme
		ADDED from src\main\AndroidManifest.xml:84:13-44
	android:name
		ADDED from src\main\AndroidManifest.xml:81:13-55
activity#com.app.drylining.ui.EditPropertyActivity
ADDED from src\main\AndroidManifest.xml:85:9-87:52
	android:screenOrientation
		ADDED from src\main\AndroidManifest.xml:87:13-49
	android:name
		ADDED from src\main\AndroidManifest.xml:86:13-52
activity#com.app.drylining.ui.ActivityModifyOffer
ADDED from src\main\AndroidManifest.xml:88:9-91:57
	android:screenOrientation
		ADDED from src\main\AndroidManifest.xml:90:13-49
	android:windowSoftInputMode
		ADDED from src\main\AndroidManifest.xml:91:13-54
	android:name
		ADDED from src\main\AndroidManifest.xml:89:13-51
activity#com.app.drylining.ui.MultiPhotoSelectActivity
ADDED from src\main\AndroidManifest.xml:92:9-94:52
	android:screenOrientation
		ADDED from src\main\AndroidManifest.xml:94:13-49
	android:name
		ADDED from src\main\AndroidManifest.xml:93:13-56
activity#com.app.drylining.ui.NoInternetMessage
ADDED from src\main\AndroidManifest.xml:95:9-100:64
	android:screenOrientation
		ADDED from src\main\AndroidManifest.xml:99:13-49
	android:label
		ADDED from src\main\AndroidManifest.xml:98:13-57
	android:configChanges
		ADDED from src\main\AndroidManifest.xml:97:13-63
	android:theme
		ADDED from src\main\AndroidManifest.xml:100:13-61
	android:name
		ADDED from src\main\AndroidManifest.xml:96:13-49
activity#com.app.drylining.ui.ActivityNewQuestion
ADDED from src\main\AndroidManifest.xml:101:9-103:52
	android:screenOrientation
		ADDED from src\main\AndroidManifest.xml:103:13-49
	android:name
		ADDED from src\main\AndroidManifest.xml:102:13-51
activity#com.app.drylining.ui.ActivityConversationsLessee
ADDED from src\main\AndroidManifest.xml:104:9-106:52
	android:screenOrientation
		ADDED from src\main\AndroidManifest.xml:106:13-49
	android:name
		ADDED from src\main\AndroidManifest.xml:105:13-59
activity#com.app.drylining.ui.ActivityConversationsRenter
ADDED from src\main\AndroidManifest.xml:107:9-109:52
	android:screenOrientation
		ADDED from src\main\AndroidManifest.xml:109:13-49
	android:name
		ADDED from src\main\AndroidManifest.xml:108:13-59
activity#com.app.drylining.ui.ActivityRemoveOffer
ADDED from src\main\AndroidManifest.xml:110:9-113:86
	android:screenOrientation
		ADDED from src\main\AndroidManifest.xml:112:13-49
	android:theme
		ADDED from src\main\AndroidManifest.xml:113:13-83
	android:name
		ADDED from src\main\AndroidManifest.xml:111:13-51
activity#com.app.drylining.ui.ActivityNotifications
ADDED from src\main\AndroidManifest.xml:114:9-116:52
	android:screenOrientation
		ADDED from src\main\AndroidManifest.xml:116:13-49
	android:name
		ADDED from src\main\AndroidManifest.xml:115:13-53
activity#com.app.drylining.ui.ActivityFavoriteOffers
ADDED from src\main\AndroidManifest.xml:117:9-119:52
	android:screenOrientation
		ADDED from src\main\AndroidManifest.xml:119:13-49
	android:name
		ADDED from src\main\AndroidManifest.xml:118:13-54
activity#com.app.drylining.ui.ActivityMyAccount
ADDED from src\main\AndroidManifest.xml:120:9-122:52
	android:screenOrientation
		ADDED from src\main\AndroidManifest.xml:122:13-49
	android:name
		ADDED from src\main\AndroidManifest.xml:121:13-49
activity#com.app.drylining.ui.ActivityNotifySettings
ADDED from src\main\AndroidManifest.xml:123:9-125:52
	android:screenOrientation
		ADDED from src\main\AndroidManifest.xml:125:13-49
	android:name
		ADDED from src\main\AndroidManifest.xml:124:13-54
service#com.app.drylining.fcm.MyFcmListenerService
ADDED from src\main\AndroidManifest.xml:128:9-132:19
	android:name
		ADDED from src\main\AndroidManifest.xml:128:18-58
intent-filter#action:name:com.google.firebase.MESSAGING_EVENT
ADDED from src\main\AndroidManifest.xml:129:13-131:29
action#com.google.firebase.MESSAGING_EVENT
ADDED from src\main\AndroidManifest.xml:130:17-78
	android:name
		ADDED from src\main\AndroidManifest.xml:130:25-75
service#com.app.drylining.fcm.MyInstanceIDListenerService
ADDED from src\main\AndroidManifest.xml:133:9-137:19
	android:name
		ADDED from src\main\AndroidManifest.xml:133:18-65
intent-filter#action:name:com.google.firebase.INSTANCE_ID_EVENT
ADDED from src\main\AndroidManifest.xml:134:13-136:29
action#com.google.firebase.INSTANCE_ID_EVENT
ADDED from src\main\AndroidManifest.xml:135:17-80
	android:name
		ADDED from src\main\AndroidManifest.xml:135:25-77
meta-data#com.google.firebase.messaging.default_notification_icon
ADDED from src\main\AndroidManifest.xml:140:9-142:57
	android:resource
		ADDED from src\main\AndroidManifest.xml:142:13-54
	android:name
		ADDED from src\main\AndroidManifest.xml:141:13-83
meta-data#com.google.firebase.messaging.default_notification_color
ADDED from src\main\AndroidManifest.xml:147:9-149:54
	android:resource
		ADDED from src\main\AndroidManifest.xml:149:13-51
	android:name
		ADDED from src\main\AndroidManifest.xml:148:13-84
meta-data#com.google.firebase.messaging.default_notification_channel_id
ADDED from src\main\AndroidManifest.xml:150:9-152:71
	android:value
		ADDED from src\main\AndroidManifest.xml:152:13-68
	android:name
		ADDED from src\main\AndroidManifest.xml:151:13-89
provider#android.support.v4.content.FileProvider
ADDED from src\main\AndroidManifest.xml:155:9-163:20
	android:grantUriPermissions
		ADDED from src\main\AndroidManifest.xml:159:13-47
	android:authorities
		ADDED from src\main\AndroidManifest.xml:157:13-65
	android:exported
		ADDED from src\main\AndroidManifest.xml:158:13-37
	android:name
		ADDED from src\main\AndroidManifest.xml:156:13-67
meta-data#android.support.FILE_PROVIDER_PATHS
ADDED from src\main\AndroidManifest.xml:160:13-162:54
	android:resource
		ADDED from src\main\AndroidManifest.xml:162:17-51
	android:name
		ADDED from src\main\AndroidManifest.xml:161:17-67
meta-data#com.google.android.gms.version
ADDED from src\main\AndroidManifest.xml:168:9-170:69
MERGED from [com.google.android.gms:play-services-basement:16.0.1] AndroidManifest.xml:23:9-25:69
MERGED from [com.google.android.gms:play-services-basement:16.0.1] AndroidManifest.xml:23:9-25:69
	android:value
		ADDED from src\main\AndroidManifest.xml:170:13-66
	android:name
		ADDED from src\main\AndroidManifest.xml:169:13-58
meta-data#com.google.android.geo.API_KEY
ADDED from src\main\AndroidManifest.xml:171:9-173:71
	android:value
		ADDED from src\main\AndroidManifest.xml:173:13-68
	android:name
		ADDED from src\main\AndroidManifest.xml:172:13-58
activity#com.app.drylining.ui.DashboardActivity
ADDED from src\main\AndroidManifest.xml:175:9-58
	android:name
		ADDED from src\main\AndroidManifest.xml:175:19-55
activity#com.app.drylining.ui.AddNewToolActivity
ADDED from src\main\AndroidManifest.xml:176:9-59
	android:name
		ADDED from src\main\AndroidManifest.xml:176:19-56
activity#com.app.drylining.ui.AddedToolDetailActivity
ADDED from src\main\AndroidManifest.xml:177:9-64
	android:name
		ADDED from src\main\AndroidManifest.xml:177:19-61
activity#com.app.drylining.ui.ActivityModifyTool
ADDED from src\main\AndroidManifest.xml:178:9-59
	android:name
		ADDED from src\main\AndroidManifest.xml:178:19-56
activity#com.app.drylining.ui.JobReviewActivity
ADDED from src\main\AndroidManifest.xml:179:9-58
	android:name
		ADDED from src\main\AndroidManifest.xml:179:19-55
activity#com.app.drylining.ui.ActivityRemoveTool
ADDED from src\main\AndroidManifest.xml:180:9-59
	android:name
		ADDED from src\main\AndroidManifest.xml:180:19-56
activity#com.app.drylining.ui.SearchActivity
ADDED from src\main\AndroidManifest.xml:181:9-55
	android:name
		ADDED from src\main\AndroidManifest.xml:181:19-52
activity#com.app.drylining.ui.SearchedToolDetailActivity
ADDED from src\main\AndroidManifest.xml:182:9-67
	android:name
		ADDED from src\main\AndroidManifest.xml:182:19-64
activity#com.app.drylining.ui.SearchNewToolActivity
ADDED from src\main\AndroidManifest.xml:183:9-62
	android:name
		ADDED from src\main\AndroidManifest.xml:183:19-59
activity#com.app.drylining.ui.SearchedToolResultActivity
ADDED from src\main\AndroidManifest.xml:184:9-76
	android:name
		ADDED from src\main\AndroidManifest.xml:184:19-64
activity#com.app.drylining.ui.OTPAcivity
ADDED from src\main\AndroidManifest.xml:185:9-60
	android:name
		ADDED from src\main\AndroidManifest.xml:185:19-48
activity#com.app.drylining.chat.ui.activity.SelectUsersActivity
ADDED from src\main\AndroidManifest.xml:187:9-191:57
	android:screenOrientation
		ADDED from src\main\AndroidManifest.xml:189:13-49
	android:windowSoftInputMode
		ADDED from src\main\AndroidManifest.xml:191:13-54
	android:theme
		ADDED from src\main\AndroidManifest.xml:190:13-53
	android:name
		ADDED from src\main\AndroidManifest.xml:188:13-65
activity#com.app.drylining.chat.ui.activity.DialogsActivity
ADDED from src\main\AndroidManifest.xml:193:9-196:56
	android:screenOrientation
		ADDED from src\main\AndroidManifest.xml:195:13-49
	android:theme
		ADDED from src\main\AndroidManifest.xml:196:13-53
	android:name
		ADDED from src\main\AndroidManifest.xml:194:13-61
activity#com.app.drylining.chat.ui.activity.ChatActivity
ADDED from src\main\AndroidManifest.xml:198:9-202:70
	android:screenOrientation